<?xml version="1.0" encoding="UTF-8"?>
<coverage generated="1640762771443" clover="3.2.0">
  <project timestamp="1640762771443" name="All files">
    <metrics statements="40" coveredstatements="40" conditionals="43" coveredconditionals="39" methods="15" coveredmethods="15" elements="98" coveredelements="94" complexity="0" loc="40" ncloc="40" packages="1" files="2" classes="2"/>
    <file name="canvas-record.ts" path="D:\my\canvas-log\src\canvas-record.ts">
      <metrics statements="11" coveredstatements="11" conditionals="4" coveredconditionals="1" methods="4" coveredmethods="4"/>
      <line num="1" count="2" type="stmt"/>
      <line num="7" count="21" type="stmt"/>
      <line num="8" count="21" type="stmt"/>
      <line num="9" count="21" type="stmt"/>
      <line num="12" count="2" type="stmt"/>
      <line num="13" count="3" type="cond" truecount="1" falsecount="1"/>
      <line num="14" count="6" type="cond" truecount="0" falsecount="1"/>
      <line num="15" count="6" type="cond" truecount="0" falsecount="1"/>
      <line num="16" count="6" type="stmt"/>
      <line num="19" count="3" type="stmt"/>
      <line num="21" count="2" type="stmt"/>
    </file>
    <file name="index.ts" path="D:\my\canvas-log\src\index.ts">
      <metrics statements="29" coveredstatements="29" conditionals="39" coveredconditionals="38" methods="11" coveredmethods="11"/>
      <line num="1" count="2" type="stmt"/>
      <line num="17" count="2" type="stmt"/>
      <line num="21" count="2" type="stmt"/>
      <line num="23" count="84" type="cond" truecount="2" falsecount="0"/>
      <line num="25" count="2" type="stmt"/>
      <line num="26" count="7" type="stmt"/>
      <line num="28" count="10" type="cond" truecount="1" falsecount="0"/>
      <line num="29" count="7" type="stmt"/>
      <line num="30" count="7" type="stmt"/>
      <line num="32" count="7" type="stmt"/>
      <line num="34" count="434" type="stmt"/>
      <line num="36" count="7" type="stmt"/>
      <line num="37" count="273" type="stmt"/>
      <line num="39" count="273" type="stmt"/>
      <line num="40" count="21" type="cond" truecount="2" falsecount="0"/>
      <line num="42" count="21" type="cond" truecount="8" falsecount="0"/>
      <line num="43" count="21" type="cond" truecount="8" falsecount="0"/>
      <line num="45" count="21" type="stmt"/>
      <line num="47" count="21" type="cond" truecount="8" falsecount="0"/>
      <line num="48" count="21" type="cond" truecount="8" falsecount="0"/>
      <line num="49" count="21" type="stmt"/>
      <line num="54" count="2" type="stmt"/>
      <line num="55" count="1" type="stmt"/>
      <line num="58" count="2" type="stmt"/>
      <line num="59" count="1" type="stmt"/>
      <line num="60" count="3" type="cond" truecount="1" falsecount="1"/>
      <line num="64" count="2" type="stmt"/>
      <line num="65" count="1" type="stmt"/>
      <line num="67" count="2" type="stmt"/>
    </file>
  </project>
</coverage>
