{"D:\\my\\canvas-log\\src\\canvas-record.ts": {"path":"D:\\my\\canvas-log\\src\\canvas-record.ts","statementMap":{"0":{"start":{"line":1,"column":0},"end":{"line":1,"column":null}},"1":{"start":{"line":7,"column":4},"end":{"line":7,"column":25}},"2":{"start":{"line":8,"column":4},"end":{"line":8,"column":21}},"3":{"start":{"line":9,"column":4},"end":{"line":9,"column":31}},"4":{"start":{"line":12,"column":2},"end":{"line":20,"column":null}},"5":{"start":{"line":13,"column":21},"end":{"line":17,"column":17}},"6":{"start":{"line":14,"column":6},"end":{"line":14,"column":59}},"7":{"start":{"line":14,"column":30},"end":{"line":14,"column":59}},"8":{"start":{"line":15,"column":6},"end":{"line":15,"column":53}},"9":{"start":{"line":15,"column":35},"end":{"line":15,"column":53}},"10":{"start":{"line":16,"column":6},"end":{"line":16,"column":17}},"11":{"start":{"line":19,"column":4},"end":{"line":19,"column":41}},"12":{"start":{"line":21,"column":0},"end":{"line":21,"column":null}}},"fnMap":{"0":{"name":"(anonymous_0)","decl":{"start":{"line":1,"column":0},"end":{"line":1,"column":null}},"loc":{"start":{"line":1,"column":0},"end":{"line":21,"column":null}}},"1":{"name":"CanvasRecord","decl":{"start":{"line":6,"column":2},"end":{"line":6,"column":14}},"loc":{"start":{"line":6,"column":39},"end":{"line":10,"column":3}}},"2":{"name":"(anonymous_2)","decl":{"start":{"line":12,"column":2},"end":{"line":12,"column":10}},"loc":{"start":{"line":12,"column":2},"end":{"line":20,"column":3}}},"3":{"name":"(anonymous_3)","decl":{"start":{"line":13,"column":43},"end":{"line":13,"column":44}},"loc":{"start":{"line":13,"column":52},"end":{"line":17,"column":5}}}},"branchMap":{"0":{"loc":{"start":{"line":13,"column":22},"end":{"line":13,"column":37}},"type":"binary-expr","locations":[{"start":{"line":13,"column":22},"end":{"line":13,"column":31}},{"start":{"line":13,"column":35},"end":{"line":13,"column":37}}]},"1":{"loc":{"start":{"line":14,"column":6},"end":{"line":14,"column":59}},"type":"if","locations":[{"start":{"line":14,"column":6},"end":{"line":14,"column":59}}]},"2":{"loc":{"start":{"line":15,"column":6},"end":{"line":15,"column":53}},"type":"if","locations":[{"start":{"line":15,"column":6},"end":{"line":15,"column":53}}]}},"s":{"0":2,"1":21,"2":21,"3":21,"4":2,"5":3,"6":6,"7":0,"8":6,"9":0,"10":6,"11":3,"12":2},"f":{"0":2,"1":21,"2":3,"3":6},"b":{"0":[3,0],"1":[0],"2":[0]}}
,"D:\\my\\canvas-log\\src\\index.ts": {"path":"D:\\my\\canvas-log\\src\\index.ts","statementMap":{"0":{"start":{"line":1,"column":0},"end":{"line":1,"column":43}},"1":{"start":{"line":17,"column":32},"end":{"line":19,"column":2}},"2":{"start":{"line":21,"column":13},"end":{"line":21,"column":21}},"3":{"start":{"line":23,"column":19},"end":{"line":23,"column":33}},"4":{"start":{"line":23,"column":32},"end":{"line":23,"column":71}},"5":{"start":{"line":25,"column":0},"end":{"line":25,"column":null}},"6":{"start":{"line":28,"column":30},"end":{"line":28,"column":null}},"7":{"start":{"line":26,"column":2},"end":{"line":26,"column":31}},"8":{"start":{"line":29,"column":24},"end":{"line":29,"column":56}},"9":{"start":{"line":30,"column":20},"end":{"line":30,"column":32}},"10":{"start":{"line":32,"column":25},"end":{"line":34,"column":60}},"11":{"start":{"line":34,"column":23},"end":{"line":34,"column":60}},"12":{"start":{"line":36,"column":4},"end":{"line":51,"column":7}},"13":{"start":{"line":37,"column":23},"end":{"line":37,"column":40}},"14":{"start":{"line":39,"column":6},"end":{"line":50,"column":8}},"15":{"start":{"line":39,"column":36},"end":{"line":39,"column":48}},"16":{"start":{"line":40,"column":8},"end":{"line":40,"column":86}},"17":{"start":{"line":42,"column":8},"end":{"line":42,"column":61}},"18":{"start":{"line":43,"column":8},"end":{"line":43,"column":66}},"19":{"start":{"line":45,"column":20},"end":{"line":45,"column":53}},"20":{"start":{"line":47,"column":8},"end":{"line":47,"column":65}},"21":{"start":{"line":48,"column":8},"end":{"line":48,"column":60}},"22":{"start":{"line":49,"column":8},"end":{"line":49,"column":19}},"23":{"start":{"line":54,"column":2},"end":{"line":56,"column":null}},"24":{"start":{"line":55,"column":4},"end":{"line":55,"column":24}},"25":{"start":{"line":58,"column":2},"end":{"line":62,"column":null}},"26":{"start":{"line":59,"column":4},"end":{"line":61,"column":7}},"27":{"start":{"line":60,"column":6},"end":{"line":60,"column":87}},"28":{"start":{"line":64,"column":2},"end":{"line":66,"column":null}},"29":{"start":{"line":65,"column":4},"end":{"line":65,"column":39}},"30":{"start":{"line":67,"column":0},"end":{"line":67,"column":null}}},"fnMap":{"0":{"name":"(anonymous_2)","decl":{"start":{"line":21,"column":13},"end":{"line":21,"column":20}},"loc":{"start":{"line":21,"column":13},"end":{"line":21,"column":21}}},"1":{"name":"(anonymous_3)","decl":{"start":{"line":23,"column":19},"end":{"line":23,"column":20}},"loc":{"start":{"line":23,"column":27},"end":{"line":23,"column":33}}},"2":{"name":"(anonymous_4)","decl":{"start":{"line":25,"column":0},"end":{"line":25,"column":null}},"loc":{"start":{"line":25,"column":0},"end":{"line":67,"column":null}}},"3":{"name":"CanvasLogger","decl":{"start":{"line":28,"column":2},"end":{"line":28,"column":14}},"loc":{"start":{"line":28,"column":63},"end":{"line":52,"column":3}}},"4":{"name":"(anonymous_6)","decl":{"start":{"line":34,"column":14},"end":{"line":34,"column":15}},"loc":{"start":{"line":34,"column":18},"end":{"line":34,"column":30}}},"5":{"name":"(anonymous_7)","decl":{"start":{"line":36,"column":25},"end":{"line":36,"column":26}},"loc":{"start":{"line":36,"column":32},"end":{"line":51,"column":5}}},"6":{"name":"(anonymous_8)","decl":{"start":{"line":39,"column":26},"end":{"line":39,"column":36}},"loc":{"start":{"line":39,"column":26},"end":{"line":50,"column":7}}},"7":{"name":"(anonymous_9)","decl":{"start":{"line":54,"column":2},"end":{"line":54,"column":15}},"loc":{"start":{"line":54,"column":2},"end":{"line":56,"column":3}}},"8":{"name":"(anonymous_10)","decl":{"start":{"line":58,"column":2},"end":{"line":58,"column":12}},"loc":{"start":{"line":58,"column":43},"end":{"line":62,"column":3}}},"9":{"name":"(anonymous_11)","decl":{"start":{"line":59,"column":28},"end":{"line":59,"column":29}},"loc":{"start":{"line":59,"column":35},"end":{"line":61,"column":5}}},"10":{"name":"(anonymous_12)","decl":{"start":{"line":64,"column":2},"end":{"line":64,"column":15}},"loc":{"start":{"line":64,"column":55},"end":{"line":66,"column":3}}}},"branchMap":{"0":{"loc":{"start":{"line":23,"column":32},"end":{"line":23,"column":70}},"type":"cond-expr","locations":[{"start":{"line":23,"column":61},"end":{"line":23,"column":63}},{"start":{"line":23,"column":66},"end":{"line":23,"column":70}}]},"1":{"loc":{"start":{"line":28,"column":30},"end":{"line":28,"column":null}},"type":"if","locations":[{"start":{"line":28,"column":30},"end":{"line":28,"column":null}}]},"2":{"loc":{"start":{"line":40,"column":46},"end":{"line":40,"column":83}},"type":"cond-expr","locations":[{"start":{"line":40,"column":67},"end":{"line":40,"column":71}},{"start":{"line":40,"column":74},"end":{"line":40,"column":83}}]},"3":{"loc":{"start":{"line":42,"column":19},"end":{"line":42,"column":45}},"type":"cond-expr","locations":[{"start":{"line":42,"column":37},"end":{"line":42,"column":39}},{"start":{"line":42,"column":37},"end":{"line":42,"column":45}}]},"4":{"loc":{"start":{"line":42,"column":19},"end":{"line":42,"column":39}},"type":"binary-expr","locations":[{"start":{"line":42,"column":19},"end":{"line":42,"column":39}},{"start":{"line":42,"column":37},"end":{"line":42,"column":39}}]},"5":{"loc":{"start":{"line":42,"column":19},"end":{"line":42,"column":37}},"type":"cond-expr","locations":[{"start":{"line":42,"column":32},"end":{"line":42,"column":34}},{"start":{"line":42,"column":32},"end":{"line":42,"column":37}}]},"6":{"loc":{"start":{"line":42,"column":19},"end":{"line":42,"column":34}},"type":"binary-expr","locations":[{"start":{"line":42,"column":19},"end":{"line":42,"column":34}},{"start":{"line":42,"column":32},"end":{"line":42,"column":34}}]},"7":{"loc":{"start":{"line":43,"column":19},"end":{"line":43,"column":50}},"type":"cond-expr","locations":[{"start":{"line":43,"column":42},"end":{"line":43,"column":44}},{"start":{"line":43,"column":42},"end":{"line":43,"column":50}}]},"8":{"loc":{"start":{"line":43,"column":19},"end":{"line":43,"column":44}},"type":"binary-expr","locations":[{"start":{"line":43,"column":19},"end":{"line":43,"column":44}},{"start":{"line":43,"column":42},"end":{"line":43,"column":44}}]},"9":{"loc":{"start":{"line":43,"column":19},"end":{"line":43,"column":42}},"type":"cond-expr","locations":[{"start":{"line":43,"column":32},"end":{"line":43,"column":35}},{"start":{"line":43,"column":32},"end":{"line":43,"column":42}}]},"10":{"loc":{"start":{"line":43,"column":19},"end":{"line":43,"column":35}},"type":"binary-expr","locations":[{"start":{"line":43,"column":19},"end":{"line":43,"column":35}},{"start":{"line":43,"column":32},"end":{"line":43,"column":35}}]},"11":{"loc":{"start":{"line":47,"column":19},"end":{"line":47,"column":49}},"type":"cond-expr","locations":[{"start":{"line":47,"column":42},"end":{"line":47,"column":44}},{"start":{"line":47,"column":42},"end":{"line":47,"column":49}}]},"12":{"loc":{"start":{"line":47,"column":19},"end":{"line":47,"column":44}},"type":"binary-expr","locations":[{"start":{"line":47,"column":19},"end":{"line":47,"column":44}},{"start":{"line":47,"column":42},"end":{"line":47,"column":44}}]},"13":{"loc":{"start":{"line":47,"column":19},"end":{"line":47,"column":42}},"type":"cond-expr","locations":[{"start":{"line":47,"column":32},"end":{"line":47,"column":35}},{"start":{"line":47,"column":32},"end":{"line":47,"column":42}}]},"14":{"loc":{"start":{"line":47,"column":19},"end":{"line":47,"column":35}},"type":"binary-expr","locations":[{"start":{"line":47,"column":19},"end":{"line":47,"column":35}},{"start":{"line":47,"column":32},"end":{"line":47,"column":35}}]},"15":{"loc":{"start":{"line":48,"column":19},"end":{"line":48,"column":44}},"type":"cond-expr","locations":[{"start":{"line":48,"column":37},"end":{"line":48,"column":39}},{"start":{"line":48,"column":37},"end":{"line":48,"column":44}}]},"16":{"loc":{"start":{"line":48,"column":19},"end":{"line":48,"column":39}},"type":"binary-expr","locations":[{"start":{"line":48,"column":19},"end":{"line":48,"column":39}},{"start":{"line":48,"column":37},"end":{"line":48,"column":39}}]},"17":{"loc":{"start":{"line":48,"column":19},"end":{"line":48,"column":37}},"type":"cond-expr","locations":[{"start":{"line":48,"column":32},"end":{"line":48,"column":34}},{"start":{"line":48,"column":32},"end":{"line":48,"column":37}}]},"18":{"loc":{"start":{"line":48,"column":19},"end":{"line":48,"column":34}},"type":"binary-expr","locations":[{"start":{"line":48,"column":19},"end":{"line":48,"column":34}},{"start":{"line":48,"column":32},"end":{"line":48,"column":34}}]},"19":{"loc":{"start":{"line":60,"column":13},"end":{"line":60,"column":86}},"type":"cond-expr","locations":[{"start":{"line":60,"column":49},"end":{"line":60,"column":66}},{"start":{"line":60,"column":69},"end":{"line":60,"column":86}}]}},"s":{"0":2,"1":2,"2":2,"3":2,"4":84,"5":2,"6":10,"7":7,"8":7,"9":7,"10":7,"11":434,"12":7,"13":273,"14":273,"15":80,"16":21,"17":21,"18":21,"19":21,"20":21,"21":21,"22":21,"23":2,"24":1,"25":2,"26":1,"27":3,"28":2,"29":1,"30":2},"f":{"0":72,"1":84,"2":2,"3":7,"4":434,"5":273,"6":21,"7":1,"8":1,"9":3,"10":1},"b":{"0":[12,72],"1":[3],"2":[10,11],"3":[13,8],"4":[21,21],"5":[10,11],"6":[21,21],"7":[20,1],"8":[21,21],"9":[10,11],"10":[21,21],"11":[20,1],"12":[21,21],"13":[10,11],"14":[21,21],"15":[13,8],"16":[21,21],"17":[10,11],"18":[21,21],"19":[0,3]}}
}
