TN:
SF:src\canvas-record.ts
FN:1,(anonymous_0)
FN:6,CanvasRecord
FN:12,(anonymous_2)
FN:13,(anonymous_3)
FNF:4
FNH:4
FNDA:2,(anonymous_0)
FNDA:21,CanvasRecord
FNDA:3,(anonymous_2)
FNDA:6,(anonymous_3)
DA:1,2
DA:7,21
DA:8,21
DA:9,21
DA:12,2
DA:13,3
DA:14,6
DA:15,6
DA:16,6
DA:19,3
DA:21,2
LF:11
LH:11
BRDA:13,0,0,3
BRDA:13,0,1,0
BRDA:14,1,0,0
BRDA:15,2,0,0
BRF:4
BRH:1
end_of_record
TN:
SF:src\index.ts
FN:21,(anonymous_2)
FN:23,(anonymous_3)
FN:25,(anonymous_4)
FN:28,CanvasLogger
FN:34,(anonymous_6)
FN:36,(anonymous_7)
FN:39,(anonymous_8)
FN:54,(anonymous_9)
FN:58,(anonymous_10)
FN:59,(anonymous_11)
FN:64,(anonymous_12)
FNF:11
FNH:11
FNDA:72,(anonymous_2)
FNDA:84,(anonymous_3)
FNDA:2,(anonymous_4)
FNDA:7,CanvasLogger
FNDA:434,(anonymous_6)
FNDA:273,(anonymous_7)
FNDA:21,(anonymous_8)
FNDA:1,(anonymous_9)
FNDA:1,(anonymous_10)
FNDA:3,(anonymous_11)
FNDA:1,(anonymous_12)
DA:1,2
DA:17,2
DA:21,2
DA:23,84
DA:25,2
DA:26,7
DA:28,10
DA:29,7
DA:30,7
DA:32,7
DA:34,434
DA:36,7
DA:37,273
DA:39,273
DA:40,21
DA:42,21
DA:43,21
DA:45,21
DA:47,21
DA:48,21
DA:49,21
DA:54,2
DA:55,1
DA:58,2
DA:59,1
DA:60,3
DA:64,2
DA:65,1
DA:67,2
LF:29
LH:29
BRDA:23,0,0,12
BRDA:23,0,1,72
BRDA:28,1,0,3
BRDA:40,2,0,10
BRDA:40,2,1,11
BRDA:42,3,0,13
BRDA:42,3,1,8
BRDA:42,4,0,21
BRDA:42,4,1,21
BRDA:42,5,0,10
BRDA:42,5,1,11
BRDA:42,6,0,21
BRDA:42,6,1,21
BRDA:43,7,0,20
BRDA:43,7,1,1
BRDA:43,8,0,21
BRDA:43,8,1,21
BRDA:43,9,0,10
BRDA:43,9,1,11
BRDA:43,10,0,21
BRDA:43,10,1,21
BRDA:47,11,0,20
BRDA:47,11,1,1
BRDA:47,12,0,21
BRDA:47,12,1,21
BRDA:47,13,0,10
BRDA:47,13,1,11
BRDA:47,14,0,21
BRDA:47,14,1,21
BRDA:48,15,0,13
BRDA:48,15,1,8
BRDA:48,16,0,21
BRDA:48,16,1,21
BRDA:48,17,0,10
BRDA:48,17,1,11
BRDA:48,18,0,21
BRDA:48,18,1,21
BRDA:60,19,0,0
BRDA:60,19,1,3
BRF:39
BRH:38
end_of_record
